<?xml version="1.0" encoding="UTF-8"?>
<testsuite name="org.example.repository.impl.TransactionRepositoryTestImpl" tests="1" skipped="0" failures="0" errors="0" timestamp="2023-09-03T16:39:56" hostname="MacBook-Pro-admin.local" time="0.034">
  <properties/>
  <testcase name="getAllTransactionsByUserIdNegative()" classname="org.example.repository.impl.TransactionRepositoryTestImpl" time="0.034"/>
  <system-out><![CDATA[]]></system-out>
  <system-err><![CDATA[]]></system-err>
</testsuite>
